<?xml version="1.0" encoding="UTF-8"?>
<testsuites name="jest tests" tests="96" failures="0" errors="0" time="0.89">
  <testsuite name="Meta provider scopes" errors="0" failures="0" skipped="0" timestamp="2026-09-06T11:32:10" time="0.43" tests="5">
    <testcase classname="Meta provider scopes facebook requires only Advanced-access scopes" name="Meta provider scopes facebook requires only Advanced-access scopes" time="0.001">
    </testcase>
    <testcase classname="Meta provider scopes facebook asks for the first-comment scope without requiring it" name="Meta provider scopes facebook asks for the first-comment scope without requiring it" time="0">
    </testcase>
    <testcase classname="Meta provider scopes instagram requires only Advanced-access scopes" name="Meta provider scopes instagram requires only Advanced-access scopes" time="0">
    </testcase>
    <testcase classname="Meta provider scopes threads requests exactly the scopes staged for its app review" name="Meta provider scopes threads requests exactly the scopes staged for its app review" time="0">
    </testcase>
    <testcase classname="Meta provider scopes instagram asks for the first-comment scope without requiring it" name="Meta provider scopes instagram asks for the first-comment scope without requiring it" time="0">
    </testcase>
  </testsuite>
  <testsuite name="clientIpFromForwardedFor" errors="0" failures="0" skipped="0" timestamp="2026-09-06T11:32:11" time="0.276" tests="3">
    <testcase classname="clientIpFromForwardedFor takes the proxy observation, not the value the client supplied" name="clientIpFromForwardedFor takes the proxy observation, not the value the client supplied" time="0">
    </testcase>
    <testcase classname="clientIpFromForwardedFor handles a single hop and stray whitespace" name="clientIpFromForwardedFor handles a single hop and stray whitespace" time="0.001">
    </testcase>
    <testcase classname="clientIpFromForwardedFor returns empty so the caller can fall back to the socket address" name="clientIpFromForwardedFor returns empty so the caller can fall back to the socket address" time="0">
    </testcase>
  </testsuite>
  <testsuite name="permission denials" errors="0" failures="0" skipped="0" timestamp="2026-09-06T11:32:11" time="0.031" tests="3">
    <testcase classname="permission denials never maps a section to undefined" name="permission denials never maps a section to undefined" time="0.005">
    </testcase>
    <testcase classname="permission denials keeps the quota wording that names the limit that was hit" name="permission denials keeps the quota wording that names the limit that was hit" time="0">
    </testcase>
    <testcase classname="permission denials answers 403 for a role denial and 402 for a plan limit" name="permission denials answers 403 for a role denial and 402 for a plan limit" time="0">
    </testcase>
  </testsuite>
  <testsuite name="customFetch" errors="0" failures="0" skipped="0" timestamp="2026-09-06T11:32:11" time="0.013" tests="7">
    <testcase classname="customFetch resolves with the response when there is no afterRequest hook" name="customFetch resolves with the response when there is no afterRequest hook" time="0">
    </testcase>
    <testcase classname="customFetch resolves with the response when afterRequest approves it" name="customFetch resolves with the response when afterRequest approves it" time="0">
    </testcase>
    <testcase classname="customFetch rejects a globally-handled 406 with FetchHandledError instead of hanging" name="customFetch rejects a globally-handled 406 with FetchHandledError instead of hanging" time="0">
    </testcase>
    <testcase classname="customFetch rejects a 502 with FetchHandledError rather than handing back an HTML body" name="customFetch rejects a 502 with FetchHandledError rather than handing back an HTML body" time="0">
    </testcase>
    <testcase classname="customFetch propagates the 402 status on the FetchHandledError" name="customFetch propagates the 402 status on the FetchHandledError" time="0.001">
    </testcase>
    <testcase classname="customFetch does not impose its own timeout when the caller passes a signal" name="customFetch does not impose its own timeout when the caller passes a signal" time="0">
    </testcase>
    <testcase classname="customFetch aborts and rejects with FetchTimeoutError after the timeout (no caller signal)" name="customFetch aborts and rejects with FetchTimeoutError after the timeout (no caller signal)" time="0.001">
    </testcase>
  </testsuite>
  <testsuite name="pricing matrix" errors="0" failures="0" skipped="0" timestamp="2026-09-06T11:32:11" time="0.012" tests="20">
    <testcase classname="pricing matrix keeps GBP prices at £12/£29/£79 (yearly = 10x monthly)" name="pricing matrix keeps GBP prices at £12/£29/£79 (yearly = 10x monthly)" time="0">
    </testcase>
    <testcase classname="pricing matrix keeps channel slots at FREE=3, Starter=3, Pro=6, Business=12" name="pricing matrix keeps channel slots at FREE=3, Starter=3, Pro=6, Business=12" time="0.001">
    </testcase>
    <testcase classname="pricing matrix gives Business a slot for every provider in its allowlist" name="pricing matrix gives Business a slot for every provider in its allowlist" time="0">
    </testcase>
    <testcase classname="pricing matrix keeps the per-tier platform allowlists" name="pricing matrix keeps the per-tier platform allowlists" time="0">
    </testcase>
    <testcase classname="pricing matrix nests tiers: every platform of a lower tier is in the higher one" name="pricing matrix nests tiers: every platform of a lower tier is in the higher one" time="0">
    </testcase>
    <testcase classname="pricing matrix defines a non-empty allowlist for every tier (enforcement fallback)" name="pricing matrix defines a non-empty allowlist for every tier (enforcement fallback)" time="0">
    </testcase>
    <testcase classname="pricing matrix gives each tier at least as many platforms as channel slots" name="pricing matrix gives each tier at least as many platforms as channel slots" time="0.001">
    </testcase>
    <testcase classname="pricing matrix never grants linkedin-page without the personal linkedin profile" name="pricing matrix never grants linkedin-page without the personal linkedin profile" time="0">
    </testcase>
    <testcase classname="pricing matrix keeps company LinkedIn Pages out of Starter (Pro upgrade lever)" name="pricing matrix keeps company LinkedIn Pages out of Starter (Pro upgrade lever)" time="0">
    </testcase>
    <testcase classname="pricing matrix keeps FREE inert — trials run on paid tiers, not on FREE" name="pricing matrix keeps FREE inert — trials run on paid tiers, not on FREE" time="0">
    </testcase>
    <testcase classname="pricing matrix sets team seats (owner-inclusive) to Starter=1, Pro=2, Business=5" name="pricing matrix sets team seats (owner-inclusive) to Starter=1, Pro=2, Business=5" time="0">
    </testcase>
    <testcase classname="pricing matrix keeps agent-chat budgets: FREE=0, Starter=1.5M, Pro=4M, Business=10M weighted tokens" name="pricing matrix keeps agent-chat budgets: FREE=0, Starter=1.5M, Pro=4M, Business=10M weighted tokens" time="0">
    </testcase>
    <testcase classname="pricing matrix gives Starter AI images (not videos); videos start at Pro" name="pricing matrix gives Starter AI images (not videos); videos start at Pro" time="0">
    </testcase>
    <testcase classname="planLabel maps internal enum keys to user-facing names" name="planLabel maps internal enum keys to user-facing names" time="0">
    </testcase>
    <testcase classname="planLabel falls back to the raw tier for unknown keys and empty for none" name="planLabel falls back to the raw tier for unknown keys and empty for none" time="0">
    </testcase>
    <testcase classname="channelLimitFor caps a trialing org at TRIAL_CHANNEL_CAP regardless of tier" name="channelLimitFor caps a trialing org at TRIAL_CHANNEL_CAP regardless of tier" time="0">
    </testcase>
    <testcase classname="channelLimitFor never caps below the cheapest paid tier" name="channelLimitFor never caps below the cheapest paid tier" time="0">
    </testcase>
    <testcase classname="channelLimitFor does not raise a trialing org above its own tier" name="channelLimitFor does not raise a trialing org above its own tier" time="0">
    </testcase>
    <testcase classname="channelLimitFor gives converted (non-trialing) orgs their full quota" name="channelLimitFor gives converted (non-trialing) orgs their full quota" time="0">
    </testcase>
    <testcase classname="channelLimitFor falls back to the FREE limit without a subscription" name="channelLimitFor falls back to the FREE limit without a subscription" time="0">
    </testcase>
  </testsuite>
  <testsuite name="stripHtmlValidation entity unescaping" errors="0" failures="0" skipped="0" timestamp="2026-09-06T11:32:11" time="0.011" tests="3">
    <testcase classname="stripHtmlValidation entity unescaping decodes single-escaped entities" name="stripHtmlValidation entity unescaping decodes single-escaped entities" time="0.001">
    </testcase>
    <testcase classname="stripHtmlValidation entity unescaping decodes double-escaped entities exactly once (no double unescaping)" name="stripHtmlValidation entity unescaping decodes double-escaped entities exactly once (no double unescaping)" time="0.001">
    </testcase>
    <testcase classname="stripHtmlValidation entity unescaping keeps the same guarantee for the html branch" name="stripHtmlValidation entity unescaping keeps the same guarantee for the html branch" time="0">
    </testcase>
  </testsuite>
  <testsuite name="FetchHandledError" errors="0" failures="0" skipped="0" timestamp="2026-09-06T11:32:11" time="0.011" tests="24">
    <testcase classname="FetchHandledError is an Error that carries the status and a handled marker" name="FetchHandledError is an Error that carries the status and a handled marker" time="0">
    </testcase>
    <testcase classname="isFetchHandledError recognises the marker so a catch can skip its own message" name="isFetchHandledError recognises the marker so a catch can skip its own message" time="0">
    </testcase>
    <testcase classname="isFetchHandledError recognises a structurally identical error from another bundle" name="isFetchHandledError recognises a structurally identical error from another bundle" time="0">
    </testcase>
    <testcase classname="isFetchHandledError rejects unrelated failures, so real crashes still surface" name="isFetchHandledError rejects unrelated failures, so real crashes still surface" time="0">
    </testcase>
    <testcase classname="FetchTimeoutError is an Error that names itself and keeps the url" name="FetchTimeoutError is an Error that names itself and keeps the url" time="0.001">
    </testcase>
    <testcase classname="isNetworkError recognises the Chrome / Edge wording" name="isNetworkError recognises the Chrome / Edge wording" time="0">
    </testcase>
    <testcase classname="isNetworkError recognises the Chrome, with the url appended wording" name="isNetworkError recognises the Chrome, with the url appended wording" time="0">
    </testcase>
    <testcase classname="isNetworkError recognises the Safari wording" name="isNetworkError recognises the Safari wording" time="0">
    </testcase>
    <testcase classname="isNetworkError recognises the Firefox wording" name="isNetworkError recognises the Firefox wording" time="0">
    </testcase>
    <testcase classname="isNetworkError recognises the WebKit / iOS wording" name="isNetworkError recognises the WebKit / iOS wording" time="0">
    </testcase>
    <testcase classname="isNetworkError recognises the WebKit / iOS, mid-request wording" name="isNetworkError recognises the WebKit / iOS, mid-request wording" time="0">
    </testcase>
    <testcase classname="isNetworkError counts our own abort — customFetch only fires it after 120s" name="isNetworkError counts our own abort — customFetch only fires it after 120s" time="0">
    </testcase>
    <testcase classname="isNetworkError matches by name, so it holds across separately bundled chunks" name="isNetworkError matches by name, so it holds across separately bundled chunks" time="0">
    </testcase>
    <testcase classname="isNetworkError does not claim a globally handled response is a network failure" name="isNetworkError does not claim a globally handled response is a network failure" time="0">
    </testcase>
    <testcase classname="isNetworkError does not claim a real render crash is a network failure" name="isNetworkError does not claim a real render crash is a network failure" time="0">
    </testcase>
    <testcase classname="isNetworkError does not claim a parse failure is a network failure" name="isNetworkError does not claim a parse failure is a network failure" time="0">
    </testcase>
    <testcase classname="isNetworkError does not claim a plain error is a network failure" name="isNetworkError does not claim a plain error is a network failure" time="0">
    </testcase>
    <testcase classname="isNetworkError does not claim a message that merely mentions fetching is a network failure" name="isNetworkError does not claim a message that merely mentions fetching is a network failure" time="0">
    </testcase>
    <testcase classname="isNetworkError is safe on undefined" name="isNetworkError is safe on undefined" time="0">
    </testcase>
    <testcase classname="isNetworkError is safe on null" name="isNetworkError is safe on null" time="0">
    </testcase>
    <testcase classname="isNetworkError is safe on &quot;&quot;" name="isNetworkError is safe on &quot;&quot;" time="0.001">
    </testcase>
    <testcase classname="isNetworkError is safe on 0" name="isNetworkError is safe on 0" time="0">
    </testcase>
    <testcase classname="isNetworkError is safe on {}" name="isNetworkError is safe on {}" time="0">
    </testcase>
    <testcase classname="NETWORK_FAILURE_PATTERNS only matches from the start of the message" name="NETWORK_FAILURE_PATTERNS only matches from the start of the message" time="0">
    </testcase>
  </testsuite>
  <testsuite name="grantedScopesOf" errors="0" failures="0" skipped="0" timestamp="2026-09-06T11:32:11" time="0.01" tests="8">
    <testcase classname="grantedScopesOf reads the recorded scopes" name="grantedScopesOf reads the recorded scopes" time="0">
    </testcase>
    <testcase classname="grantedScopesOf is empty when nothing was recorded or the value is unusable" name="grantedScopesOf is empty when nothing was recorded or the value is unusable" time="0">
    </testcase>
    <testcase classname="canPostComments says no when the provider has no comment support at all" name="canPostComments says no when the provider has no comment support at all" time="0">
    </testcase>
    <testcase classname="canPostComments says no when the platform retired the permission (commentsDisabled)" name="canPostComments says no when the platform retired the permission (commentsDisabled)" time="0">
    </testcase>
    <testcase classname="canPostComments says yes when the provider needs no particular scope" name="canPostComments says yes when the provider needs no particular scope" time="0">
    </testcase>
    <testcase classname="canPostComments when the provider gates comments on a scope allows a channel whose token was granted it" name="canPostComments when the provider gates comments on a scope allows a channel whose token was granted it" time="0">
    </testcase>
    <testcase classname="canPostComments when the provider gates comments on a scope refuses a channel that was not granted it" name="canPostComments when the provider gates comments on a scope refuses a channel that was not granted it" time="0">
    </testcase>
    <testcase classname="canPostComments when the provider gates comments on a scope refuses a channel connected before we recorded scopes" name="canPostComments when the provider gates comments on a scope refuses a channel connected before we recorded scopes" time="0">
    </testcase>
  </testsuite>
  <testsuite name="percentageChangeFromSeries" errors="0" failures="0" skipped="0" timestamp="2026-09-06T11:32:11" time="0.009" tests="8">
    <testcase classname="percentageChangeFromSeries returns 0 for empty, undefined, or single-point series (no baseline)" name="percentageChangeFromSeries returns 0 for empty, undefined, or single-point series (no baseline)" time="0.001">
    </testcase>
    <testcase classname="percentageChangeFromSeries computes half-over-half growth" name="percentageChangeFromSeries computes half-over-half growth" time="0">
    </testcase>
    <testcase classname="percentageChangeFromSeries computes decline as a negative number" name="percentageChangeFromSeries computes decline as a negative number" time="0">
    </testcase>
    <testcase classname="percentageChangeFromSeries drops the middle point on odd-length series so halves are equal size" name="percentageChangeFromSeries drops the middle point on odd-length series so halves are equal size" time="0">
    </testcase>
    <testcase classname="percentageChangeFromSeries returns 100 when the baseline is zero but the period has activity" name="percentageChangeFromSeries returns 100 when the baseline is zero but the period has activity" time="0">
    </testcase>
    <testcase classname="percentageChangeFromSeries returns 0 when both halves are zero" name="percentageChangeFromSeries returns 0 when both halves are zero" time="0">
    </testcase>
    <testcase classname="percentageChangeFromSeries coerces string totals (X returns stringified numbers)" name="percentageChangeFromSeries coerces string totals (X returns stringified numbers)" time="0">
    </testcase>
    <testcase classname="percentageChangeFromSeries rounds to one decimal place" name="percentageChangeFromSeries rounds to one decimal place" time="0">
    </testcase>
  </testsuite>
  <testsuite name="safeMediaUrl" errors="0" failures="0" skipped="0" timestamp="2026-09-06T11:32:11" time="0.008" tests="3">
    <testcase classname="safeMediaUrl passes http(s), blob and relative URLs through unchanged" name="safeMediaUrl passes http(s), blob and relative URLs through unchanged" time="0.001">
    </testcase>
    <testcase classname="safeMediaUrl allows data: URLs only for image and video payloads" name="safeMediaUrl allows data: URLs only for image and video payloads" time="0">
    </testcase>
    <testcase classname="safeMediaUrl rejects script-capable and malformed values" name="safeMediaUrl rejects script-capable and malformed values" time="0">
    </testcase>
  </testsuite>
  <testsuite name="readResponseError" errors="0" failures="0" skipped="0" timestamp="2026-09-06T11:32:11" time="0.01" tests="6">
    <testcase classname="readResponseError returns a NestJS-style string message" name="readResponseError returns a NestJS-style string message" time="0">
    </testcase>
    <testcase classname="readResponseError joins a NestJS-style string[] message" name="readResponseError joins a NestJS-style string[] message" time="0">
    </testcase>
    <testcase classname="readResponseError falls back to raw text when the body has no `message` field" name="readResponseError falls back to raw text when the body has no `message` field" time="0">
    </testcase>
    <testcase classname="readResponseError falls back to text when the body is not JSON" name="readResponseError falls back to text when the body is not JSON" time="0">
    </testcase>
    <testcase classname="readResponseError returns an empty string for an empty body" name="readResponseError returns an empty string for an empty body" time="0">
    </testcase>
    <testcase classname="readResponseError never throws, even if reading the text also fails" name="readResponseError never throws, even if reading the text also fails" time="0.001">
    </testcase>
  </testsuite>
  <testsuite name="htmlToText" errors="0" failures="0" skipped="0" timestamp="2026-09-06T11:32:11" time="0.009" tests="6">
    <testcase classname="htmlToText drops style blocks instead of dumping CSS into the text part" name="htmlToText drops style blocks instead of dumping CSS into the text part" time="0.001">
    </testcase>
    <testcase classname="htmlToText keeps link targets so a plain-text reader can still follow them" name="htmlToText keeps link targets so a plain-text reader can still follow them" time="0">
    </testcase>
    <testcase classname="htmlToText does not repeat the url when the label is already the url" name="htmlToText does not repeat the url when the label is already the url" time="0">
    </testcase>
    <testcase classname="htmlToText unescapes &amp;amp; last so escaped entities are not decoded twice" name="htmlToText unescapes &amp;amp; last so escaped entities are not decoded twice" time="0">
    </testcase>
    <testcase classname="htmlToText collapses the whitespace an html template leaves behind" name="htmlToText collapses the whitespace an html template leaves behind" time="0">
    </testcase>
    <testcase classname="htmlToText survives empty input" name="htmlToText survives empty input" time="0">
    </testcase>
  </testsuite>
</testsuites>